WARNING: All log messages before absl::InitializeLog() is called are written to STDERR
I0000 00:00:1756290814.772509   18640 config.cc:230] gRPC experiments enabled: call_status_override_on_cancellation, event_engine_client, event_engine_dns, event_engine_listener, http2_stats_fix, monitoring_experiment, pick_first_new, trace_record_callops, work_serializer_clears_time_cache
Traceback (most recent call last):
  File "C:\Users\iamno\Sync\Isaac CV\CV Stuff\GCP Projects\Cocoa_code\local_oil_stream.py", line 64, in <module>
    run()
  File "C:\Users\iamno\Sync\Isaac CV\CV Stuff\GCP Projects\Cocoa_code\local_oil_stream.py", line 46, in run
    with beam.Pipeline(options=options) as p:
  File "C:\Users\iamno\AppData\Local\Programs\Python\Python312\Lib\site-packages\apache_beam\pipeline.py", line 664, in __exit__
    self.result.wait_until_finish()
  File "C:\Users\iamno\AppData\Local\Programs\Python\Python312\Lib\site-packages\apache_beam\runners\direct\direct_runner.py", line 655, in wait_until_finish
    self._executor.await_completion()
  File "C:\Users\iamno\AppData\Local\Programs\Python\Python312\Lib\site-packages\apache_beam\runners\direct\executor.py", line 418, in await_completion
    self._executor.await_completion()
  File "C:\Users\iamno\AppData\Local\Programs\Python\Python312\Lib\site-packages\apache_beam\runners\direct\executor.py", line 462, in await_completion
    update = self.visible_updates.take()
             ^^^^^^^^^^^^^^^^^^^^^^^^^^^
  File "C:\Users\iamno\AppData\Local\Programs\Python\Python312\Lib\site-packages\apache_beam\runners\direct\executor.py", line 535, in take
    item = self._queue.get(timeout=1)
           ^^^^^^^^^^^^^^^^^^^^^^^^^^
  File "C:\Users\iamno\AppData\Local\Programs\Python\Python312\Lib\queue.py", line 180, in get
    self.not_empty.wait(remaining)
  File "C:\Users\iamno\AppData\Local\Programs\Python\Python312\Lib\threading.py", line 359, in wait
    gotit = waiter.acquire(True, timeout)
            ^^^^^^^^^^^^^^^^^^^^^^^^^^^^^
  File "C:\Users\iamno\AppData\Local\Programs\Python\Python312\Lib\site-packages\apache_beam\runners\portability\job_server.py", line 82, in _sigint_handler
    self._original_sigint_handler(sig, frame)
KeyboardInterrupt
